<?xml version="1.0" encoding="UTF-8"?>
<!-- Generated by org.testng.reporters.JUnitReportReporter -->
<testsuite hostname="Fasi" failures="1" tests="1" name="cucumberRunner.failedRunner" time="5.253" errors="0" timestamp="2024-03-24T04:29:38 IST" skipped="0">
  <testcase classname="cucumberRunner.failedRunner" name="runScenario" time="5.253">
    <failure message="expected [No data] but found [Beetroot]" type="java.lang.AssertionError">
      <![CDATA[java.lang.AssertionError: expected [No data] but found [Beetroot]
at org.testng.Assert.fail(Assert.java:111)
at org.testng.Assert.failNotEquals(Assert.java:1578)
at org.testng.Assert.assertEqualsImpl(Assert.java:150)
at org.testng.Assert.assertEquals(Assert.java:132)
at org.testng.Assert.assertEquals(Assert.java:656)
at org.testng.Assert.assertEquals(Assert.java:666)
at stepdefinitions.OffersPage.validate_product_name_in_offers_page_matches_with_landing_page(OffersPage.java:39)
at ✽.validate product name in offers page matches with Landing Page(file:///C:/Users/pc/eclipse-workspace/Automation/src/test/java/feature/Greencart.feature:8)
]]>
    </failure>
  </testcase> <!-- runScenario -->
</testsuite> <!-- cucumberRunner.failedRunner -->
